<?xml version="1.0" encoding="UTF-8"?>
<!-- Generated by org.testng.reporters.JUnitReportReporter -->
<testsuite hostname="TYC1221031" failures="0" tests="3" name="excelPracticeScripts.testngmethods" time="0.012" errors="0" timestamp="2022-07-31T19:16:52 IST" skipped="0">
  <testcase classname="excelPracticeScripts.testngmethods" name="snake" time="0.001"/>
  <system-out/>
  <testcase classname="excelPracticeScripts.testngmethods" name="dog" time="0.001"/>
  <system-out/>
  <testcase classname="excelPracticeScripts.testngmethods" name="cat" time="0.010"/>
  <system-out/>
</testsuite> <!-- excelPracticeScripts.testngmethods -->
