<?xml version="1.0" encoding="UTF-8"?>
<!-- Generated by org.testng.reporters.JUnitReportReporter -->
<testsuite hostname="TYC1221031" failures="0" tests="3" name="TestNGMethods.ExecutionBasedOnAlphabets" time="0.008" errors="0" timestamp="2022-07-31T19:19:33 IST" skipped="0">
  <testcase classname="TestNGMethods.ExecutionBasedOnAlphabets" name="snake" time="0.000"/>
  <system-out/>
  <testcase classname="TestNGMethods.ExecutionBasedOnAlphabets" name="dog" time="0.001"/>
  <system-out/>
  <testcase classname="TestNGMethods.ExecutionBasedOnAlphabets" name="cat" time="0.007"/>
  <system-out/>
</testsuite> <!-- TestNGMethods.ExecutionBasedOnAlphabets -->
