<?xml version="1.0" encoding="UTF-8"?>
<!-- Generated by org.testng.reporters.JUnitReportReporter -->
<testsuite hostname="TYC1221031" failures="0" tests="2" name="TestNGMethods.dataProvide" time="0.011" errors="0" timestamp="2022-08-03T20:52:37 IST" skipped="0">
  <testcase classname="TestNGMethods.dataProvide" name="bookingTicket" time="0.009"/>
  <system-out/>
  <testcase classname="TestNGMethods.dataProvide" name="bookingTicket" time="0.002"/>
  <system-out/>
</testsuite> <!-- TestNGMethods.dataProvide -->
