<?xml version="1.0" encoding="UTF-8"?>
<!-- Generated by org.testng.reporters.JUnitReportReporter -->
<testsuite hostname="TYC1221031" failures="0" tests="3" name="TestNGMethods.Priority" time="0.009" errors="0" timestamp="2022-07-31T19:25:19 IST" skipped="0">
  <testcase classname="TestNGMethods.Priority" name="snake" time="0.007"/>
  <system-out/>
  <testcase classname="TestNGMethods.Priority" name="cat" time="0.001"/>
  <system-out/>
  <testcase classname="TestNGMethods.Priority" name="dog" time="0.001"/>
  <system-out/>
</testsuite> <!-- TestNGMethods.Priority -->
