<?xml version="1.0" encoding="UTF-8"?>
<!-- Generated by org.testng.reporters.JUnitReportReporter -->
<testsuite hostname="TYC1221031" failures="0" tests="2" name="TestNGMethods.BooktICKWT" time="0.010" errors="0" timestamp="2022-08-04T10:21:51 IST" skipped="0">
  <testcase classname="TestNGMethods.BooktICKWT" name="bookingTicket" time="0.001"/>
  <system-out/>
  <testcase classname="TestNGMethods.BooktICKWT" name="bookingTicket" time="0.009"/>
  <system-out/>
</testsuite> <!-- TestNGMethods.BooktICKWT -->
