<?xml version="1.0" encoding="UTF-8"?>
<!-- Generated by org.testng.reporters.JUnitReportReporter -->
<testsuite hostname="TYC1221031" failures="0" tests="1" name="TestNGMethods.AnnotationsTest" time="0.013" errors="0" timestamp="2022-08-02T13:14:36 IST" skipped="0">
  <testcase classname="TestNGMethods.AnnotationsTest" name="test1" time="0.013"/>
  <system-out/>
</testsuite> <!-- TestNGMethods.AnnotationsTest -->
