<?xml version="1.0" encoding="UTF-8"?>
<!-- Generated by org.testng.reporters.JUnitReportReporter -->
<testsuite hostname="TYC1221031" failures="0" tests="6" name="TestNGMethods.InvocationCount" time="0.011" errors="0" timestamp="2022-07-31T19:33:25 IST" skipped="0">
  <testcase classname="TestNGMethods.InvocationCount" name="dog" time="0.001"/>
  <system-out/>
  <testcase classname="TestNGMethods.InvocationCount" name="dog" time="0.001"/>
  <system-out/>
  <testcase classname="TestNGMethods.InvocationCount" name="dog" time="0.000"/>
  <system-out/>
  <testcase classname="TestNGMethods.InvocationCount" name="cat" time="0.001"/>
  <system-out/>
  <testcase classname="TestNGMethods.InvocationCount" name="snake" time="0.001"/>
  <system-out/>
  <testcase classname="TestNGMethods.InvocationCount" name="cat" time="0.007"/>
  <system-out/>
</testsuite> <!-- TestNGMethods.InvocationCount -->
