<?xml version="1.0" encoding="UTF-8"?>
<!-- Generated by org.testng.reporters.JUnitReportReporter -->
<testsuite hostname="TYC1221031" failures="0" tests="3" name="TestNGMethods.EnaledMethod" time="0.010" errors="0" timestamp="2022-07-31T19:40:57 IST" skipped="1">
  <testcase classname="TestNGMethods.EnaledMethod" name="dog" time="0.001"/>
  <system-out/>
  <testcase classname="TestNGMethods.EnaledMethod" name="cat" time="0.009"/>
  <system-out/>
  <testcase classname="TestNGMethods.EnaledMethod" name="snake">
    <skipped/>
  </testcase> <!-- snake -->
  <system-out/>
</testsuite> <!-- TestNGMethods.EnaledMethod -->
