<?xml version="1.0" encoding="UTF-8"?>
<!-- Generated by org.testng.reporters.JUnitReportReporter -->
<testsuite hostname="TYC1221031" failures="0" tests="3" name="TestNGMethods.PrintUsingReporterLog" time="0.009" errors="0" timestamp="2022-07-31T19:29:58 IST" skipped="0">
  <testcase classname="TestNGMethods.PrintUsingReporterLog" name="snake" time="0.001"/>
  <system-out>
    <![CDATA[buss buss]]>
  </system-out>
  <testcase classname="TestNGMethods.PrintUsingReporterLog" name="cat" time="0.007"/>
  <system-out>
    <![CDATA[meow meow]]>
  </system-out>
  <testcase classname="TestNGMethods.PrintUsingReporterLog" name="dog" time="0.001"/>
  <system-out>
    <![CDATA[bow bow]]>
  </system-out>
</testsuite> <!-- TestNGMethods.PrintUsingReporterLog -->
