<?xml version="1.0" encoding="UTF-8"?>
<!-- Generated by org.testng.reporters.JUnitReportReporter -->
<testsuite hostname="TYC1221031" failures="0" tests="2" name="TestNGMethods.BokkingTicket" time="0.015" errors="0" timestamp="2022-08-03T21:02:57 IST" skipped="0">
  <testcase classname="TestNGMethods.BokkingTicket" name="bokkingTicket" time="0.012"/>
  <system-out/>
  <testcase classname="TestNGMethods.BokkingTicket" name="bokkingTicket" time="0.003"/>
  <system-out/>
</testsuite> <!-- TestNGMethods.BokkingTicket -->
